{"numFailedTestSuites":2,"numFailedTests":2,"numPassedTestSuites":9,"numPassedTests":124,"numPendingTestSuites":0,"numPendingTests":0,"numRuntimeErrorTestSuites":0,"numTodoTests":0,"numTotalTestSuites":11,"numTotalTests":126,"openHandles":[],"snapshot":{"added":0,"didUpdate":false,"failure":false,"filesAdded":0,"filesRemoved":0,"filesRemovedList":[],"filesUnmatched":0,"filesUpdated":0,"matched":0,"total":0,"unchecked":0,"uncheckedKeysByFile":[],"unmatched":0,"updated":0},"startTime":1766204617769,"success":false,"testResults":[{"assertionResults":[{"ancestorTitles":["Interface Compliance Property Tests","Property 7: Provider Interface Compliance"],"duration":100,"failing":false,"failureDetails":[],"failureMessages":[],"fullName":"Interface Compliance Property Tests Property 7: Provider Interface Compliance All provider implementations return standardized StateVector format","invocations":1,"location":null,"numPassingAsserts":3100,"retryReasons":[],"startAt":1766204618847,"status":"passed","title":"All provider implementations return standardized StateVector format"},{"ancestorTitles":["Interface Compliance Property Tests","Property 7: Provider Interface Compliance"],"duration":15,"failing":false,"failureDetails":[],"failureMessages":[],"fullName":"Interface Compliance Property Tests Property 7: Provider Interface Compliance Provider metadata contains required reference frame information","invocations":1,"location":null,"numPassingAsserts":500,"retryReasons":[],"startAt":1766204618948,"status":"passed","title":"Provider metadata contains required reference frame information"},{"ancestorTitles":["Interface Compliance Property Tests","Property 7: Provider Interface Compliance"],"duration":52,"failing":false,"failureDetails":[{}],"failureMessages":["Error: Property failed after 11 tests\n{ seed: -225258614, path: \"10:0:0:0:0:0:0:0:0:0:0:48:48:48:48:48:48:48:48:48:48\", endOnFailure: true }\nCounterexample: [\"sun\",2415020,{\"position\":{\"x\":0,\"y\":0,\"z\":0},\"velocity\":{\"x\":0,\"y\":0,\"z\":0},\"radius\":1,\"metadata\":{\"julianDate\":Number.NaN,\"referenceFrame\":\"ICRF_J2000_HELIOCENTRIC\",\"provider\":\"!\",\"accuracy\":null}}]\nShrunk 20 time(s)\n\nHint: Enable verbose mode in order to have the list of all failing values encountered during the run\n    at buildError (D:\\BIAN\\solmap\\node_modules\\fast-check\\lib\\cjs\\check\\runner\\utils\\RunDetailsFormatter.js:162:19)\n    at throwIfFailed (D:\\BIAN\\solmap\\node_modules\\fast-check\\lib\\cjs\\check\\runner\\utils\\RunDetailsFormatter.js:171:11)\n    at reportRunDetails (D:\\BIAN\\solmap\\node_modules\\fast-check\\lib\\cjs\\check\\runner\\utils\\RunDetailsFormatter.js:184:16)\n    at Object.assert (D:\\BIAN\\solmap\\node_modules\\fast-check\\lib\\cjs\\check\\runner\\Runner.js:65:52)\n    at Object.<anonymous> (D:\\BIAN\\solmap\\src\\__tests__\\space-time-foundation\\interface-compliance.test.ts:224:10)\n    at Promise.finally.completed (D:\\BIAN\\solmap\\node_modules\\jest-circus\\build\\jestAdapterInit.js:1557:28)\n    at new Promise (<anonymous>)\n    at callAsyncCircusFn (D:\\BIAN\\solmap\\node_modules\\jest-circus\\build\\jestAdapterInit.js:1497:10)\n    at _callCircusTest (D:\\BIAN\\solmap\\node_modules\\jest-circus\\build\\jestAdapterInit.js:1007:40)\n    at _runTest (D:\\BIAN\\solmap\\node_modules\\jest-circus\\build\\jestAdapterInit.js:947:3)\n    at D:\\BIAN\\solmap\\node_modules\\jest-circus\\build\\jestAdapterInit.js:849:7\n    at _runTestsForDescribeBlock (D:\\BIAN\\solmap\\node_modules\\jest-circus\\build\\jestAdapterInit.js:862:11)\n    at _runTestsForDescribeBlock (D:\\BIAN\\solmap\\node_modules\\jest-circus\\build\\jestAdapterInit.js:857:11)\n    at _runTestsForDescribeBlock (D:\\BIAN\\solmap\\node_modules\\jest-circus\\build\\jestAdapterInit.js:857:11)\n    at run (D:\\BIAN\\solmap\\node_modules\\jest-circus\\build\\jestAdapterInit.js:761:3)\n    at runAndTransformResultsToJestFormat (D:\\BIAN\\solmap\\node_modules\\jest-circus\\build\\jestAdapterInit.js:1918:21)\n    at jestAdapter (D:\\BIAN\\solmap\\node_modules\\jest-circus\\build\\runner.js:101:19)\n    at runTestInternal (D:\\BIAN\\solmap\\node_modules\\jest-runner\\build\\index.js:275:16)\n    at runTest (D:\\BIAN\\solmap\\node_modules\\jest-runner\\build\\index.js:343:7)"],"fullName":"Interface Compliance Property Tests Property 7: Provider Interface Compliance StateVector purity validation passes for all provider outputs","invocations":1,"location":null,"numPassingAsserts":1097,"retryReasons":[],"startAt":1766204618963,"status":"failed","title":"StateVector purity validation passes for all provider outputs"},{"ancestorTitles":["Interface Compliance Property Tests","Property 7: Provider Interface Compliance"],"duration":57,"failing":false,"failureDetails":[],"failureMessages":[],"fullName":"Interface Compliance Property Tests Property 7: Provider Interface Compliance Bulk state queries maintain consistency with single queries","invocations":1,"location":null,"numPassingAsserts":1864,"retryReasons":[],"startAt":1766204619029,"status":"passed","title":"Bulk state queries maintain consistency with single queries"},{"ancestorTitles":["Interface Compliance Property Tests","Property 7: Provider Interface Compliance"],"duration":11,"failing":false,"failureDetails":[],"failureMessages":[],"fullName":"Interface Compliance Property Tests Property 7: Provider Interface Compliance Provider error handling follows SpaceTimeResult pattern","invocations":1,"location":null,"numPassingAsserts":350,"retryReasons":[],"startAt":1766204619087,"status":"passed","title":"Provider error handling follows SpaceTimeResult pattern"}],"endTime":1766204619117,"message":"\u001b[1m\u001b[31m  \u001b[1m● \u001b[22m\u001b[1mInterface Compliance Property Tests › Property 7: Provider Interface Compliance › StateVector purity validation passes for all provider outputs\u001b[39m\u001b[22m\n\n    Property failed after 11 tests\n    { seed: -225258614, path: \"10:0:0:0:0:0:0:0:0:0:0:48:48:48:48:48:48:48:48:48:48\", endOnFailure: true }\n    Counterexample: [\"sun\",2415020,{\"position\":{\"x\":0,\"y\":0,\"z\":0},\"velocity\":{\"x\":0,\"y\":0,\"z\":0},\"radius\":1,\"metadata\":{\"julianDate\":Number.NaN,\"referenceFrame\":\"ICRF_J2000_HELIOCENTRIC\",\"provider\":\"!\",\"accuracy\":null}}]\n    Shrunk 20 time(s)\n\n    Hint: Enable verbose mode in order to have the list of all failing values encountered during the run\n\u001b[2m\u001b[22m\n\u001b[2m    \u001b[0m \u001b[90m 222 |\u001b[39m\u001b[22m\n\u001b[2m     \u001b[90m 223 |\u001b[39m     test(\u001b[32m'StateVector purity validation passes for all provider outputs'\u001b[39m\u001b[33m,\u001b[39m () \u001b[33m=>\u001b[39m {\u001b[22m\n\u001b[2m    \u001b[31m\u001b[1m>\u001b[22m\u001b[2m\u001b[39m\u001b[90m 224 |\u001b[39m       fc\u001b[33m.\u001b[39massert(\u001b[22m\n\u001b[2m     \u001b[90m     |\u001b[39m          \u001b[31m\u001b[1m^\u001b[22m\u001b[2m\u001b[39m\u001b[22m\n\u001b[2m     \u001b[90m 225 |\u001b[39m         fc\u001b[33m.\u001b[39mproperty(\u001b[22m\n\u001b[2m     \u001b[90m 226 |\u001b[39m           fc\u001b[33m.\u001b[39mconstantFrom(\u001b[33m...\u001b[39mvalidBodyIds)\u001b[33m,\u001b[39m\u001b[22m\n\u001b[2m     \u001b[90m 227 |\u001b[39m           julianDateArbitrary\u001b[33m,\u001b[39m\u001b[0m\u001b[22m\n\u001b[2m\u001b[22m\n\u001b[2m      \u001b[2mat buildError (\u001b[22m\u001b[2mnode_modules/fast-check/lib/cjs/check/runner/utils/RunDetailsFormatter.js\u001b[2m:162:19)\u001b[22m\u001b[2m\u001b[22m\n\u001b[2m      \u001b[2mat throwIfFailed (\u001b[22m\u001b[2mnode_modules/fast-check/lib/cjs/check/runner/utils/RunDetailsFormatter.js\u001b[2m:171:11)\u001b[22m\u001b[2m\u001b[22m\n\u001b[2m      \u001b[2mat reportRunDetails (\u001b[22m\u001b[2mnode_modules/fast-check/lib/cjs/check/runner/utils/RunDetailsFormatter.js\u001b[2m:184:16)\u001b[22m\u001b[2m\u001b[22m\n\u001b[2m      \u001b[2mat Object.assert (\u001b[22m\u001b[2mnode_modules/fast-check/lib/cjs/check/runner/Runner.js\u001b[2m:65:52)\u001b[22m\u001b[2m\u001b[22m\n\u001b[2m      \u001b[2mat Object.<anonymous> (\u001b[22m\u001b[2m\u001b[0m\u001b[36msrc/__tests__/space-time-foundation/interface-compliance.test.ts\u001b[39m\u001b[0m\u001b[2m:224:10)\u001b[22m\u001b[2m\u001b[22m\n\n    Cause:\n    \u001b[2mexpect(\u001b[22m\u001b[31mreceived\u001b[39m\u001b[2m).\u001b[22mtoBe\u001b[2m(\u001b[22m\u001b[32mexpected\u001b[39m\u001b[2m) // Object.is equality\u001b[22m\n\n    Expected: \u001b[32mtrue\u001b[39m\n    Received: \u001b[31mfalse\u001b[39m\n\u001b[2m\u001b[22m\n\u001b[2m    \u001b[0m \u001b[90m 242 |\u001b[39m             \u001b[90m// Use the validation function from the foundation\u001b[39m\u001b[22m\n\u001b[2m     \u001b[90m 243 |\u001b[39m             \u001b[36mconst\u001b[39m isPure \u001b[33m=\u001b[39m validateStateVectorPurity(state)\u001b[33m;\u001b[39m\u001b[22m\n\u001b[2m    \u001b[31m\u001b[1m>\u001b[22m\u001b[2m\u001b[39m\u001b[90m 244 |\u001b[39m             expect(isPure)\u001b[33m.\u001b[39mtoBe(\u001b[36mtrue\u001b[39m)\u001b[33m;\u001b[39m\u001b[22m\n\u001b[2m     \u001b[90m     |\u001b[39m                            \u001b[31m\u001b[1m^\u001b[22m\u001b[2m\u001b[39m\u001b[22m\n\u001b[2m     \u001b[90m 245 |\u001b[39m           }\u001b[22m\n\u001b[2m     \u001b[90m 246 |\u001b[39m         )\u001b[33m,\u001b[39m\u001b[22m\n\u001b[2m     \u001b[90m 247 |\u001b[39m         { numRuns\u001b[33m:\u001b[39m \u001b[35m100\u001b[39m }\u001b[0m\u001b[22m\n\u001b[2m\u001b[22m\n\u001b[2m      \u001b[2mat \u001b[22m\u001b[2m\u001b[0m\u001b[36msrc/__tests__/space-time-foundation/interface-compliance.test.ts\u001b[39m\u001b[0m\u001b[2m:244:28\u001b[22m\u001b[2m\u001b[22m\n\u001b[2m      \u001b[2mat Property.predicate (\u001b[22m\u001b[2mnode_modules/fast-check/lib/cjs/check/property/Property.js\u001b[2m:17:86)\u001b[22m\u001b[2m\u001b[22m\n\u001b[2m      \u001b[2mat Property.run (\u001b[22m\u001b[2mnode_modules/fast-check/lib/cjs/check/property/Property.generic.js\u001b[2m:46:33)\u001b[22m\u001b[2m\u001b[22m\n\u001b[2m      \u001b[2mat runIt (\u001b[22m\u001b[2mnode_modules/fast-check/lib/cjs/check/runner/Runner.js\u001b[2m:18:30)\u001b[22m\u001b[2m\u001b[22m\n\u001b[2m      \u001b[2mat check (\u001b[22m\u001b[2mnode_modules/fast-check/lib/cjs/check/runner/Runner.js\u001b[2m:58:11)\u001b[22m\u001b[2m\u001b[22m\n\u001b[2m      \u001b[2mat Object.assert (\u001b[22m\u001b[2mnode_modules/fast-check/lib/cjs/check/runner/Runner.js\u001b[2m:61:17)\u001b[22m\u001b[2m\u001b[22m\n\u001b[2m      \u001b[2mat Object.<anonymous> (\u001b[22m\u001b[2m\u001b[0m\u001b[36msrc/__tests__/space-time-foundation/interface-compliance.test.ts\u001b[39m\u001b[0m\u001b[2m:224:10)\u001b[22m\u001b[2m\u001b[22m\n","name":"D:\\BIAN\\solmap\\src\\__tests__\\space-time-foundation\\interface-compliance.test.ts","startTime":1766204618078,"status":"failed","summary":""},{"assertionResults":[{"ancestorTitles":["Ephemeris Provider Property Tests","Property 7: Provider Interface Compliance"],"duration":11,"failing":false,"failureDetails":[],"failureMessages":[],"fullName":"Ephemeris Provider Property Tests Property 7: Provider Interface Compliance provider ID must be non-empty string","invocations":1,"location":null,"numPassingAsserts":300,"retryReasons":[],"startAt":1766204619274,"status":"passed","title":"provider ID must be non-empty string"},{"ancestorTitles":["Ephemeris Provider Property Tests","Property 7: Provider Interface Compliance"],"duration":49,"failing":false,"failureDetails":[],"failureMessages":[],"fullName":"Ephemeris Provider Property Tests Property 7: Provider Interface Compliance supported bodies must be non-empty array of strings","invocations":1,"location":null,"numPassingAsserts":1800,"retryReasons":[],"startAt":1766204619286,"status":"passed","title":"supported bodies must be non-empty array of strings"},{"ancestorTitles":["Ephemeris Provider Property Tests","Property 7: Provider Interface Compliance"],"duration":12,"failing":false,"failureDetails":[],"failureMessages":[],"fullName":"Ephemeris Provider Property Tests Property 7: Provider Interface Compliance time range must be valid with startJD < endJD","invocations":1,"location":null,"numPassingAsserts":500,"retryReasons":[],"startAt":1766204619336,"status":"passed","title":"time range must be valid with startJD < endJD"},{"ancestorTitles":["Ephemeris Provider Property Tests","Property 7: Provider Interface Compliance"],"duration":68,"failing":false,"failureDetails":[],"failureMessages":[],"fullName":"Ephemeris Provider Property Tests Property 7: Provider Interface Compliance getState must return valid SpaceTimeResult for supported bodies and times","invocations":1,"location":null,"numPassingAsserts":2700,"retryReasons":[],"startAt":1766204619348,"status":"passed","title":"getState must return valid SpaceTimeResult for supported bodies and times"},{"ancestorTitles":["Ephemeris Provider Property Tests","Property 7: Provider Interface Compliance"],"duration":11,"failing":false,"failureDetails":[],"failureMessages":[],"fullName":"Ephemeris Provider Property Tests Property 7: Provider Interface Compliance getState must reject invalid inputs consistently","invocations":1,"location":null,"numPassingAsserts":400,"retryReasons":[],"startAt":1766204619417,"status":"passed","title":"getState must reject invalid inputs consistently"},{"ancestorTitles":["Ephemeris Provider Property Tests","Property 7: Provider Interface Compliance"],"duration":7,"failing":false,"failureDetails":[],"failureMessages":[],"fullName":"Ephemeris Provider Property Tests Property 7: Provider Interface Compliance getAccuracy must return positive number for supported bodies","invocations":1,"location":null,"numPassingAsserts":300,"retryReasons":[],"startAt":1766204619429,"status":"passed","title":"getAccuracy must return positive number for supported bodies"},{"ancestorTitles":["Ephemeris Provider Property Tests","Property 7: Provider Interface Compliance"],"duration":3,"failing":false,"failureDetails":[],"failureMessages":[],"fullName":"Ephemeris Provider Property Tests Property 7: Provider Interface Compliance supportsVelocity must return boolean","invocations":1,"location":null,"numPassingAsserts":100,"retryReasons":[],"startAt":1766204619437,"status":"passed","title":"supportsVelocity must return boolean"},{"ancestorTitles":["Ephemeris Provider Property Tests","Property 7: Provider Interface Compliance"],"duration":50,"failing":false,"failureDetails":[],"failureMessages":[],"fullName":"Ephemeris Provider Property Tests Property 7: Provider Interface Compliance getStates bulk operation must be consistent with individual getState calls","invocations":1,"location":null,"numPassingAsserts":1730,"retryReasons":[],"startAt":1766204619440,"status":"passed","title":"getStates bulk operation must be consistent with individual getState calls"},{"ancestorTitles":["Ephemeris Provider Property Tests","Ephemeris Strategy Property Tests"],"duration":8,"failing":false,"failureDetails":[],"failureMessages":[],"fullName":"Ephemeris Provider Property Tests Ephemeris Strategy Property Tests provider registration must be idempotent for same provider","invocations":1,"location":null,"numPassingAsserts":300,"retryReasons":[],"startAt":1766204619491,"status":"passed","title":"provider registration must be idempotent for same provider"},{"ancestorTitles":["Ephemeris Provider Property Tests","Ephemeris Strategy Property Tests"],"duration":13,"failing":false,"failureDetails":[],"failureMessages":[],"fullName":"Ephemeris Provider Property Tests Ephemeris Strategy Property Tests provider selection must respect body support and time range","invocations":1,"location":null,"numPassingAsserts":501,"retryReasons":[],"startAt":1766204619500,"status":"passed","title":"provider selection must respect body support and time range"},{"ancestorTitles":["Ephemeris Provider Property Tests","Ephemeris Strategy Property Tests"],"duration":10,"failing":false,"failureDetails":[{}],"failureMessages":["Error: Property failed after 18 tests\n{ seed: 575692404, path: \"17:56\", endOnFailure: true }\nCounterexample: [{\"bodyId\":\"mercury\",\"julianDate\":Number.NaN}]\nShrunk 1 time(s)\n\nHint: Enable verbose mode in order to have the list of all failing values encountered during the run\n    at buildError (D:\\BIAN\\solmap\\node_modules\\fast-check\\lib\\cjs\\check\\runner\\utils\\RunDetailsFormatter.js:162:19)\n    at throwIfFailed (D:\\BIAN\\solmap\\node_modules\\fast-check\\lib\\cjs\\check\\runner\\utils\\RunDetailsFormatter.js:171:11)\n    at reportRunDetails (D:\\BIAN\\solmap\\node_modules\\fast-check\\lib\\cjs\\check\\runner\\utils\\RunDetailsFormatter.js:184:16)\n    at Object.assert (D:\\BIAN\\solmap\\node_modules\\fast-check\\lib\\cjs\\check\\runner\\Runner.js:65:52)\n    at Object.<anonymous> (D:\\BIAN\\solmap\\src\\__tests__\\space-time-foundation\\ephemeris-provider.test.ts:333:10)\n    at Promise.finally.completed (D:\\BIAN\\solmap\\node_modules\\jest-circus\\build\\jestAdapterInit.js:1557:28)\n    at new Promise (<anonymous>)\n    at callAsyncCircusFn (D:\\BIAN\\solmap\\node_modules\\jest-circus\\build\\jestAdapterInit.js:1497:10)\n    at _callCircusTest (D:\\BIAN\\solmap\\node_modules\\jest-circus\\build\\jestAdapterInit.js:1007:40)\n    at _runTest (D:\\BIAN\\solmap\\node_modules\\jest-circus\\build\\jestAdapterInit.js:947:3)\n    at D:\\BIAN\\solmap\\node_modules\\jest-circus\\build\\jestAdapterInit.js:849:7\n    at _runTestsForDescribeBlock (D:\\BIAN\\solmap\\node_modules\\jest-circus\\build\\jestAdapterInit.js:862:11)\n    at _runTestsForDescribeBlock (D:\\BIAN\\solmap\\node_modules\\jest-circus\\build\\jestAdapterInit.js:857:11)\n    at _runTestsForDescribeBlock (D:\\BIAN\\solmap\\node_modules\\jest-circus\\build\\jestAdapterInit.js:857:11)\n    at run (D:\\BIAN\\solmap\\node_modules\\jest-circus\\build\\jestAdapterInit.js:761:3)\n    at runAndTransformResultsToJestFormat (D:\\BIAN\\solmap\\node_modules\\jest-circus\\build\\jestAdapterInit.js:1918:21)\n    at jestAdapter (D:\\BIAN\\solmap\\node_modules\\jest-circus\\build\\runner.js:101:19)\n    at runTestInternal (D:\\BIAN\\solmap\\node_modules\\jest-runner\\build\\index.js:275:16)\n    at runTest (D:\\BIAN\\solmap\\node_modules\\jest-runner\\build\\index.js:343:7)"],"fullName":"Ephemeris Provider Property Tests Ephemeris Strategy Property Tests provider selection must fail for unsupported bodies or times","invocations":1,"location":null,"numPassingAsserts":261,"retryReasons":[],"startAt":1766204619514,"status":"failed","title":"provider selection must fail for unsupported bodies or times"},{"ancestorTitles":["Ephemeris Provider Property Tests","Integration Property Tests"],"duration":6,"failing":false,"failureDetails":[],"failureMessages":[],"fullName":"Ephemeris Provider Property Tests Integration Property Tests state vectors must maintain physical consistency","invocations":1,"location":null,"numPassingAsserts":150,"retryReasons":[],"startAt":1766204619536,"status":"passed","title":"state vectors must maintain physical consistency"}],"endTime":1766204619552,"message":"\u001b[1m\u001b[31m  \u001b[1m● \u001b[22m\u001b[1mEphemeris Provider Property Tests › Ephemeris Strategy Property Tests › provider selection must fail for unsupported bodies or times\u001b[39m\u001b[22m\n\n    Property failed after 18 tests\n    { seed: 575692404, path: \"17:56\", endOnFailure: true }\n    Counterexample: [{\"bodyId\":\"mercury\",\"julianDate\":Number.NaN}]\n    Shrunk 1 time(s)\n\n    Hint: Enable verbose mode in order to have the list of all failing values encountered during the run\n\u001b[2m\u001b[22m\n\u001b[2m    \u001b[0m \u001b[90m 331 |\u001b[39m       \u001b[36mconst\u001b[39m timeRange \u001b[33m=\u001b[39m provider\u001b[33m.\u001b[39mgetTimeRange()\u001b[33m;\u001b[39m\u001b[22m\n\u001b[2m     \u001b[90m 332 |\u001b[39m       \u001b[22m\n\u001b[2m    \u001b[31m\u001b[1m>\u001b[22m\u001b[2m\u001b[39m\u001b[90m 333 |\u001b[39m       fc\u001b[33m.\u001b[39massert(fc\u001b[33m.\u001b[39mproperty(\u001b[22m\n\u001b[2m     \u001b[90m     |\u001b[39m          \u001b[31m\u001b[1m^\u001b[22m\u001b[2m\u001b[39m\u001b[22m\n\u001b[2m     \u001b[90m 334 |\u001b[39m         fc\u001b[33m.\u001b[39moneof(\u001b[22m\n\u001b[2m     \u001b[90m 335 |\u001b[39m           \u001b[90m// Unsupported body with valid time\u001b[39m\u001b[22m\n\u001b[2m     \u001b[90m 336 |\u001b[39m           fc\u001b[33m.\u001b[39mrecord({\u001b[0m\u001b[22m\n\u001b[2m\u001b[22m\n\u001b[2m      \u001b[2mat buildError (\u001b[22m\u001b[2mnode_modules/fast-check/lib/cjs/check/runner/utils/RunDetailsFormatter.js\u001b[2m:162:19)\u001b[22m\u001b[2m\u001b[22m\n\u001b[2m      \u001b[2mat throwIfFailed (\u001b[22m\u001b[2mnode_modules/fast-check/lib/cjs/check/runner/utils/RunDetailsFormatter.js\u001b[2m:171:11)\u001b[22m\u001b[2m\u001b[22m\n\u001b[2m      \u001b[2mat reportRunDetails (\u001b[22m\u001b[2mnode_modules/fast-check/lib/cjs/check/runner/utils/RunDetailsFormatter.js\u001b[2m:184:16)\u001b[22m\u001b[2m\u001b[22m\n\u001b[2m      \u001b[2mat Object.assert (\u001b[22m\u001b[2mnode_modules/fast-check/lib/cjs/check/runner/Runner.js\u001b[2m:65:52)\u001b[22m\u001b[2m\u001b[22m\n\u001b[2m      \u001b[2mat Object.<anonymous> (\u001b[22m\u001b[2m\u001b[0m\u001b[36msrc/__tests__/space-time-foundation/ephemeris-provider.test.ts\u001b[39m\u001b[0m\u001b[2m:333:10)\u001b[22m\u001b[2m\u001b[22m\n\n    Cause:\n    \u001b[2mexpect(\u001b[22m\u001b[31mreceived\u001b[39m\u001b[2m).\u001b[22mtoBe\u001b[2m(\u001b[22m\u001b[32mexpected\u001b[39m\u001b[2m) // Object.is equality\u001b[22m\n\n    Expected: \u001b[32m\"\u001b[7mPROVIDER_UNAVAILABL\u001b[27mE\"\u001b[39m\n    Received: \u001b[31m\"\u001b[7mINVALID_JULIAN_DAT\u001b[27mE\"\u001b[39m\n\u001b[2m\u001b[22m\n\u001b[2m    \u001b[0m \u001b[90m 355 |\u001b[39m           \u001b[36mconst\u001b[39m selectionResult \u001b[33m=\u001b[39m strategy\u001b[33m.\u001b[39mselectProvider(testCase\u001b[33m.\u001b[39mbodyId\u001b[33m,\u001b[39m testCase\u001b[33m.\u001b[39mjulianDate)\u001b[33m;\u001b[39m\u001b[22m\n\u001b[2m     \u001b[90m 356 |\u001b[39m           expect(selectionResult\u001b[33m.\u001b[39msuccess)\u001b[33m.\u001b[39mtoBe(\u001b[36mfalse\u001b[39m)\u001b[33m;\u001b[39m\u001b[22m\n\u001b[2m    \u001b[31m\u001b[1m>\u001b[22m\u001b[2m\u001b[39m\u001b[90m 357 |\u001b[39m           expect(selectionResult\u001b[33m.\u001b[39merror\u001b[33m.\u001b[39mcode)\u001b[33m.\u001b[39mtoBe(\u001b[33mERROR_CODES\u001b[39m\u001b[33m.\u001b[39m\u001b[33mPROVIDER_UNAVAILABLE\u001b[39m)\u001b[33m;\u001b[39m\u001b[22m\n\u001b[2m     \u001b[90m     |\u001b[39m                                              \u001b[31m\u001b[1m^\u001b[22m\u001b[2m\u001b[39m\u001b[22m\n\u001b[2m     \u001b[90m 358 |\u001b[39m         }\u001b[22m\n\u001b[2m     \u001b[90m 359 |\u001b[39m       )\u001b[33m,\u001b[39m { numRuns\u001b[33m:\u001b[39m \u001b[35m100\u001b[39m })\u001b[33m;\u001b[39m\u001b[22m\n\u001b[2m     \u001b[90m 360 |\u001b[39m     })\u001b[33m;\u001b[39m\u001b[0m\u001b[22m\n\u001b[2m\u001b[22m\n\u001b[2m      \u001b[2mat \u001b[22m\u001b[2m\u001b[0m\u001b[36msrc/__tests__/space-time-foundation/ephemeris-provider.test.ts\u001b[39m\u001b[0m\u001b[2m:357:46\u001b[22m\u001b[2m\u001b[22m\n\u001b[2m      \u001b[2mat Property.predicate (\u001b[22m\u001b[2mnode_modules/fast-check/lib/cjs/check/property/Property.js\u001b[2m:17:86)\u001b[22m\u001b[2m\u001b[22m\n\u001b[2m      \u001b[2mat Property.run (\u001b[22m\u001b[2mnode_modules/fast-check/lib/cjs/check/property/Property.generic.js\u001b[2m:46:33)\u001b[22m\u001b[2m\u001b[22m\n\u001b[2m      \u001b[2mat runIt (\u001b[22m\u001b[2mnode_modules/fast-check/lib/cjs/check/runner/Runner.js\u001b[2m:18:30)\u001b[22m\u001b[2m\u001b[22m\n\u001b[2m      \u001b[2mat check (\u001b[22m\u001b[2mnode_modules/fast-check/lib/cjs/check/runner/Runner.js\u001b[2m:58:11)\u001b[22m\u001b[2m\u001b[22m\n\u001b[2m      \u001b[2mat Object.assert (\u001b[22m\u001b[2mnode_modules/fast-check/lib/cjs/check/runner/Runner.js\u001b[2m:61:17)\u001b[22m\u001b[2m\u001b[22m\n\u001b[2m      \u001b[2mat Object.<anonymous> (\u001b[22m\u001b[2m\u001b[0m\u001b[36msrc/__tests__/space-time-foundation/ephemeris-provider.test.ts\u001b[39m\u001b[0m\u001b[2m:333:10)\u001b[22m\u001b[2m\u001b[22m\n","name":"D:\\BIAN\\solmap\\src\\__tests__\\space-time-foundation\\ephemeris-provider.test.ts","startTime":1766204619135,"status":"failed","summary":""},{"assertionResults":[{"ancestorTitles":["Scale Strategy - Property Tests"],"duration":192,"failing":false,"failureDetails":[],"failureMessages":[],"fullName":"Scale Strategy - Property Tests Property 8: Physical-Render Separation","invocations":1,"location":null,"numPassingAsserts":6559,"retryReasons":[],"startAt":1766204619737,"status":"passed","title":"Property 8: Physical-Render Separation"},{"ancestorTitles":["Scale Strategy - Property Tests"],"duration":11,"failing":false,"failureDetails":[],"failureMessages":[],"fullName":"Scale Strategy - Property Tests Property: Scale Strategy Physical Position Immutability","invocations":1,"location":null,"numPassingAsserts":300,"retryReasons":[],"startAt":1766204619930,"status":"passed","title":"Property: Scale Strategy Physical Position Immutability"},{"ancestorTitles":["Scale Strategy - Property Tests"],"duration":22,"failing":false,"failureDetails":[],"failureMessages":[],"fullName":"Scale Strategy - Property Tests Property: Display Position Independence","invocations":1,"location":null,"numPassingAsserts":700,"retryReasons":[],"startAt":1766204619941,"status":"passed","title":"Property: Display Position Independence"},{"ancestorTitles":["Scale Strategy - Property Tests"],"duration":82,"failing":false,"failureDetails":[],"failureMessages":[],"fullName":"Scale Strategy - Property Tests Property: Scale Configuration Consistency","invocations":1,"location":null,"numPassingAsserts":3000,"retryReasons":[],"startAt":1766204619964,"status":"passed","title":"Property: Scale Configuration Consistency"},{"ancestorTitles":["Scale Strategy - Unit Tests"],"duration":1,"failing":false,"failureDetails":[],"failureMessages":[],"fullName":"Scale Strategy - Unit Tests should create scale strategy with valid inputs","invocations":1,"location":null,"numPassingAsserts":5,"retryReasons":[],"startAt":1766204620047,"status":"passed","title":"should create scale strategy with valid inputs"},{"ancestorTitles":["Scale Strategy - Unit Tests"],"duration":0,"failing":false,"failureDetails":[],"failureMessages":[],"fullName":"Scale Strategy - Unit Tests should reject invalid body ID","invocations":1,"location":null,"numPassingAsserts":2,"retryReasons":[],"startAt":1766204620048,"status":"passed","title":"should reject invalid body ID"},{"ancestorTitles":["Scale Strategy - Unit Tests"],"duration":0,"failing":false,"failureDetails":[],"failureMessages":[],"fullName":"Scale Strategy - Unit Tests should reject invalid state vector","invocations":1,"location":null,"numPassingAsserts":2,"retryReasons":[],"startAt":1766204620049,"status":"passed","title":"should reject invalid state vector"},{"ancestorTitles":["Scale Strategy - Unit Tests"],"duration":1,"failing":false,"failureDetails":[],"failureMessages":[],"fullName":"Scale Strategy - Unit Tests should update camera transform without affecting physical position","invocations":1,"location":null,"numPassingAsserts":7,"retryReasons":[],"startAt":1766204620049,"status":"passed","title":"should update camera transform without affecting physical position"},{"ancestorTitles":["Scale Strategy - Unit Tests"],"duration":0,"failing":false,"failureDetails":[],"failureMessages":[],"fullName":"Scale Strategy - Unit Tests should validate scale configuration","invocations":1,"location":null,"numPassingAsserts":2,"retryReasons":[],"startAt":1766204620050,"status":"passed","title":"should validate scale configuration"}],"endTime":1766204620051,"message":"","name":"D:\\BIAN\\solmap\\src\\__tests__\\space-time-foundation\\scale-strategy.test.ts","startTime":1766204619560,"status":"passed","summary":""},{"assertionResults":[{"ancestorTitles":["Layer Separation Property Tests","Property 6: Layer Separation Integrity"],"duration":26,"failing":false,"failureDetails":[],"failureMessages":[],"fullName":"Layer Separation Property Tests Property 6: Layer Separation Integrity render layer interface must only expose read-only operations","invocations":1,"location":null,"numPassingAsserts":1003,"retryReasons":[],"startAt":1766204620181,"status":"passed","title":"render layer interface must only expose read-only operations"},{"ancestorTitles":["Layer Separation Property Tests","Property 6: Layer Separation Integrity"],"duration":3,"failing":false,"failureDetails":[],"failureMessages":[],"fullName":"Layer Separation Property Tests Property 6: Layer Separation Integrity access validator must correctly identify allowed and forbidden operations","invocations":1,"location":null,"numPassingAsserts":100,"retryReasons":[],"startAt":1766204620208,"status":"passed","title":"access validator must correctly identify allowed and forbidden operations"},{"ancestorTitles":["Layer Separation Property Tests","Property 6: Layer Separation Integrity"],"duration":10,"failing":false,"failureDetails":[],"failureMessages":[],"fullName":"Layer Separation Property Tests Property 6: Layer Separation Integrity access validator must reject forbidden operations","invocations":1,"location":null,"numPassingAsserts":300,"retryReasons":[],"startAt":1766204620211,"status":"passed","title":"access validator must reject forbidden operations"},{"ancestorTitles":["Layer Separation Property Tests","Property 6: Layer Separation Integrity"],"duration":23,"failing":false,"failureDetails":[],"failureMessages":[],"fullName":"Layer Separation Property Tests Property 6: Layer Separation Integrity layer boundary enforcer must validate layer interactions","invocations":1,"location":null,"numPassingAsserts":100,"retryReasons":[],"startAt":1766204620221,"status":"passed","title":"layer boundary enforcer must validate layer interactions"},{"ancestorTitles":["Layer Separation Property Tests","Property 6: Layer Separation Integrity"],"duration":54,"failing":false,"failureDetails":[],"failureMessages":[],"fullName":"Layer Separation Property Tests Property 6: Layer Separation Integrity access controlled proxy must prevent unauthorized access","invocations":1,"location":null,"numPassingAsserts":252,"retryReasons":[],"startAt":1766204620244,"status":"passed","title":"access controlled proxy must prevent unauthorized access"},{"ancestorTitles":["Layer Separation Property Tests","Property 6: Layer Separation Integrity"],"duration":79,"failing":false,"failureDetails":[],"failureMessages":[],"fullName":"Layer Separation Property Tests Property 6: Layer Separation Integrity render layer interface must enforce initialization requirements","invocations":1,"location":null,"numPassingAsserts":400,"retryReasons":[],"startAt":1766204620299,"status":"passed","title":"render layer interface must enforce initialization requirements"},{"ancestorTitles":["Layer Separation Property Tests","Property 6: Layer Separation Integrity"],"duration":8,"failing":false,"failureDetails":[],"failureMessages":[],"fullName":"Layer Separation Property Tests Property 6: Layer Separation Integrity render layer interface must prevent double initialization","invocations":1,"location":null,"numPassingAsserts":301,"retryReasons":[],"startAt":1766204620378,"status":"passed","title":"render layer interface must prevent double initialization"},{"ancestorTitles":["Layer Separation Property Tests","Layer Separation Integration Tests"],"duration":23,"failing":false,"failureDetails":[],"failureMessages":[],"fullName":"Layer Separation Property Tests Layer Separation Integration Tests render layer must successfully access allowed operations","invocations":1,"location":null,"numPassingAsserts":503,"retryReasons":[],"startAt":1766204620387,"status":"passed","title":"render layer must successfully access allowed operations"},{"ancestorTitles":["Layer Separation Property Tests","Layer Separation Integration Tests"],"duration":70,"failing":false,"failureDetails":[],"failureMessages":[],"fullName":"Layer Separation Property Tests Layer Separation Integration Tests violation tracking must work correctly","invocations":1,"location":null,"numPassingAsserts":300,"retryReasons":[],"startAt":1766204620411,"status":"passed","title":"violation tracking must work correctly"},{"ancestorTitles":["Layer Separation Property Tests","Layer Separation Integration Tests"],"duration":1,"failing":false,"failureDetails":[],"failureMessages":[],"fullName":"Layer Separation Property Tests Layer Separation Integration Tests time subscription must work through render interface","invocations":1,"location":null,"numPassingAsserts":2,"retryReasons":[],"startAt":1766204620482,"status":"passed","title":"time subscription must work through render interface"}],"endTime":1766204620483,"message":"","name":"D:\\BIAN\\solmap\\src\\__tests__\\space-time-foundation\\layer-separation.test.ts","startTime":1766204620056,"status":"passed","summary":""},{"assertionResults":[{"ancestorTitles":["Space-Time Core Property Tests","Property 3: Physical Units Consistency"],"duration":64,"failing":false,"failureDetails":[],"failureMessages":[],"fullName":"Space-Time Core Property Tests Property 3: Physical Units Consistency all state vectors must use consistent physical units","invocations":1,"location":null,"numPassingAsserts":2302,"retryReasons":[],"startAt":1766204621075,"status":"passed","title":"all state vectors must use consistent physical units"},{"ancestorTitles":["Space-Time Core Property Tests","Property 3: Physical Units Consistency"],"duration":14,"failing":false,"failureDetails":[],"failureMessages":[],"fullName":"Space-Time Core Property Tests Property 3: Physical Units Consistency bulk state queries must maintain unit consistency","invocations":1,"location":null,"numPassingAsserts":487,"retryReasons":[],"startAt":1766204621139,"status":"passed","title":"bulk state queries must maintain unit consistency"},{"ancestorTitles":["Space-Time Core Property Tests","Property 4: State Vector Purity"],"duration":22,"failing":false,"failureDetails":[],"failureMessages":[],"fullName":"Space-Time Core Property Tests Property 4: State Vector Purity state vectors must contain only physical quantities","invocations":1,"location":null,"numPassingAsserts":734,"retryReasons":[],"startAt":1766204621154,"status":"passed","title":"state vectors must contain only physical quantities"},{"ancestorTitles":["Space-Time Core Property Tests","Property 4: State Vector Purity"],"duration":29,"failing":false,"failureDetails":[],"failureMessages":[],"fullName":"Space-Time Core Property Tests Property 4: State Vector Purity state vectors must not contain render-layer transformations","invocations":1,"location":null,"numPassingAsserts":1016,"retryReasons":[],"startAt":1766204621177,"status":"passed","title":"state vectors must not contain render-layer transformations"},{"ancestorTitles":["Space-Time Core Property Tests","Core Functionality Property Tests"],"duration":10,"failing":false,"failureDetails":[],"failureMessages":[],"fullName":"Space-Time Core Property Tests Core Functionality Property Tests initialization must be idempotent","invocations":1,"location":null,"numPassingAsserts":300,"retryReasons":[],"startAt":1766204621206,"status":"passed","title":"initialization must be idempotent"},{"ancestorTitles":["Space-Time Core Property Tests","Core Functionality Property Tests"],"duration":22,"failing":false,"failureDetails":[],"failureMessages":[],"fullName":"Space-Time Core Property Tests Core Functionality Property Tests body hierarchy must be consistent","invocations":1,"location":null,"numPassingAsserts":828,"retryReasons":[],"startAt":1766204621217,"status":"passed","title":"body hierarchy must be consistent"},{"ancestorTitles":["Space-Time Core Property Tests","Core Functionality Property Tests"],"duration":32,"failing":false,"failureDetails":[],"failureMessages":[],"fullName":"Space-Time Core Property Tests Core Functionality Property Tests available bodies list must match registered providers","invocations":1,"location":null,"numPassingAsserts":1100,"retryReasons":[],"startAt":1766204621239,"status":"passed","title":"available bodies list must match registered providers"},{"ancestorTitles":["Space-Time Core Property Tests","Core Functionality Property Tests"],"duration":11,"failing":false,"failureDetails":[],"failureMessages":[],"fullName":"Space-Time Core Property Tests Core Functionality Property Tests uninitialized core must reject all operations","invocations":1,"location":null,"numPassingAsserts":400,"retryReasons":[],"startAt":1766204621272,"status":"passed","title":"uninitialized core must reject all operations"}],"endTime":1766204621284,"message":"","name":"D:\\BIAN\\solmap\\src\\__tests__\\space-time-foundation\\space-time-core.test.ts","startTime":1766204620954,"status":"passed","summary":""},{"assertionResults":[{"ancestorTitles":["Rendering Integration Tests","Property 10: Render Layer Compliance"],"duration":24,"failing":false,"failureDetails":[],"failureMessages":[],"fullName":"Rendering Integration Tests Property 10: Render Layer Compliance adapter must only access allowed Space-Time Core interfaces","invocations":1,"location":null,"numPassingAsserts":302,"retryReasons":[],"startAt":1766204621419,"status":"passed","title":"adapter must only access allowed Space-Time Core interfaces"},{"ancestorTitles":["Rendering Integration Tests","Property 10: Render Layer Compliance"],"duration":156,"failing":false,"failureDetails":[],"failureMessages":[],"fullName":"Rendering Integration Tests Property 10: Render Layer Compliance adapter must provide backward compatible celestial body format","invocations":1,"location":null,"numPassingAsserts":6102,"retryReasons":[],"startAt":1766204621444,"status":"passed","title":"adapter must provide backward compatible celestial body format"},{"ancestorTitles":["Rendering Integration Tests","Property 10: Render Layer Compliance"],"duration":11,"failing":false,"failureDetails":[],"failureMessages":[],"fullName":"Rendering Integration Tests Property 10: Render Layer Compliance adapter must handle time subscriptions correctly","invocations":1,"location":null,"numPassingAsserts":386,"retryReasons":[],"startAt":1766204621601,"status":"passed","title":"adapter must handle time subscriptions correctly"},{"ancestorTitles":["Rendering Integration Tests","Property 11: No Direct Astronomical Access"],"duration":2,"failing":false,"failureDetails":[],"failureMessages":[],"fullName":"Rendering Integration Tests Property 11: No Direct Astronomical Access render components must not access VSOP87 directly","invocations":1,"location":null,"numPassingAsserts":58,"retryReasons":[],"startAt":1766204621613,"status":"passed","title":"render components must not access VSOP87 directly"},{"ancestorTitles":["Rendering Integration Tests","Property 11: No Direct Astronomical Access"],"duration":7,"failing":false,"failureDetails":[],"failureMessages":[],"fullName":"Rendering Integration Tests Property 11: No Direct Astronomical Access time control must use Time Authority exclusively","invocations":1,"location":null,"numPassingAsserts":302,"retryReasons":[],"startAt":1766204621616,"status":"passed","title":"time control must use Time Authority exclusively"},{"ancestorTitles":["Rendering Integration Tests","Integration Compliance Tests"],"duration":1,"failing":false,"failureDetails":[],"failureMessages":[],"fullName":"Rendering Integration Tests Integration Compliance Tests global adapter singleton must work correctly","invocations":1,"location":null,"numPassingAsserts":7,"retryReasons":[],"startAt":1766204621624,"status":"passed","title":"global adapter singleton must work correctly"},{"ancestorTitles":["Rendering Integration Tests","Integration Compliance Tests"],"duration":5,"failing":false,"failureDetails":[],"failureMessages":[],"fullName":"Rendering Integration Tests Integration Compliance Tests adapter must handle specific celestial body queries","invocations":1,"location":null,"numPassingAsserts":162,"retryReasons":[],"startAt":1766204621625,"status":"passed","title":"adapter must handle specific celestial body queries"},{"ancestorTitles":["Rendering Integration Tests","Integration Compliance Tests"],"duration":4,"failing":false,"failureDetails":[],"failureMessages":[],"fullName":"Rendering Integration Tests Integration Compliance Tests adapter must handle initialization errors gracefully","invocations":1,"location":null,"numPassingAsserts":9,"retryReasons":[],"startAt":1766204621631,"status":"passed","title":"adapter must handle initialization errors gracefully"},{"ancestorTitles":["Rendering Integration Tests","Integration Compliance Tests"],"duration":0,"failing":false,"failureDetails":[],"failureMessages":[],"fullName":"Rendering Integration Tests Integration Compliance Tests adapter must clean up resources properly","invocations":1,"location":null,"numPassingAsserts":7,"retryReasons":[],"startAt":1766204621635,"status":"passed","title":"adapter must clean up resources properly"}],"endTime":1766204621636,"message":"","name":"D:\\BIAN\\solmap\\src\\__tests__\\space-time-foundation\\rendering-integration.test.ts","startTime":1766204621291,"status":"passed","summary":""},{"assertionResults":[{"ancestorTitles":["Reference Frame Property Tests","Property 1: Single Authoritative Reference Frame"],"duration":40,"failing":false,"failureDetails":[],"failureMessages":[],"fullName":"Reference Frame Property Tests Property 1: Single Authoritative Reference Frame System maintains exactly one authoritative reference frame","invocations":1,"location":null,"numPassingAsserts":1013,"retryReasons":[],"startAt":1766204621760,"status":"passed","title":"System maintains exactly one authoritative reference frame"},{"ancestorTitles":["Reference Frame Property Tests","Property 1: Single Authoritative Reference Frame"],"duration":11,"failing":false,"failureDetails":[],"failureMessages":[],"fullName":"Reference Frame Property Tests Property 1: Single Authoritative Reference Frame System rejects attempts to add multiple authoritative frames","invocations":1,"location":null,"numPassingAsserts":400,"retryReasons":[],"startAt":1766204621801,"status":"passed","title":"System rejects attempts to add multiple authoritative frames"},{"ancestorTitles":["Reference Frame Property Tests","Property 1: Single Authoritative Reference Frame"],"duration":7,"failing":false,"failureDetails":[],"failureMessages":[],"fullName":"Reference Frame Property Tests Property 1: Single Authoritative Reference Frame System prevents removal of authoritative frame","invocations":1,"location":null,"numPassingAsserts":200,"retryReasons":[],"startAt":1766204621813,"status":"passed","title":"System prevents removal of authoritative frame"},{"ancestorTitles":["Reference Frame Property Tests","Property 1: Single Authoritative Reference Frame"],"duration":6,"failing":false,"failureDetails":[],"failureMessages":[],"fullName":"Reference Frame Property Tests Property 1: Single Authoritative Reference Frame Authoritative frame validation works correctly","invocations":1,"location":null,"numPassingAsserts":200,"retryReasons":[],"startAt":1766204621820,"status":"passed","title":"Authoritative frame validation works correctly"},{"ancestorTitles":["Reference Frame Property Tests","Property 2: Reference Frame Consistency"],"duration":42,"failing":false,"failureDetails":[],"failureMessages":[],"fullName":"Reference Frame Property Tests Property 2: Reference Frame Consistency All frame queries return consistent reference frame information","invocations":1,"location":null,"numPassingAsserts":1460,"retryReasons":[],"startAt":1766204621826,"status":"passed","title":"All frame queries return consistent reference frame information"},{"ancestorTitles":["Reference Frame Property Tests","Property 2: Reference Frame Consistency"],"duration":8,"failing":false,"failureDetails":[],"failureMessages":[],"fullName":"Reference Frame Property Tests Property 2: Reference Frame Consistency Frame type distinction is maintained correctly","invocations":1,"location":null,"numPassingAsserts":286,"retryReasons":[],"startAt":1766204621869,"status":"passed","title":"Frame type distinction is maintained correctly"},{"ancestorTitles":["Reference Frame Property Tests","Property 2: Reference Frame Consistency"],"duration":7,"failing":false,"failureDetails":[],"failureMessages":[],"fullName":"Reference Frame Property Tests Property 2: Reference Frame Consistency Frame structure validation works correctly","invocations":1,"location":null,"numPassingAsserts":200,"retryReasons":[],"startAt":1766204621877,"status":"passed","title":"Frame structure validation works correctly"},{"ancestorTitles":["Reference Frame Property Tests","Property 2: Reference Frame Consistency"],"duration":5,"failing":false,"failureDetails":[],"failureMessages":[],"fullName":"Reference Frame Property Tests Property 2: Reference Frame Consistency Duplicate frame IDs are rejected","invocations":1,"location":null,"numPassingAsserts":150,"retryReasons":[],"startAt":1766204621884,"status":"passed","title":"Duplicate frame IDs are rejected"},{"ancestorTitles":["Reference Frame Property Tests","System Information and Management"],"duration":8,"failing":false,"failureDetails":[],"failureMessages":[],"fullName":"Reference Frame Property Tests System Information and Management System info reflects actual state","invocations":1,"location":null,"numPassingAsserts":200,"retryReasons":[],"startAt":1766204621889,"status":"passed","title":"System info reflects actual state"},{"ancestorTitles":["Reference Frame Property Tests","System Information and Management"],"duration":1,"failing":false,"failureDetails":[],"failureMessages":[],"fullName":"Reference Frame Property Tests System Information and Management Reset functionality works correctly","invocations":1,"location":null,"numPassingAsserts":5,"retryReasons":[],"startAt":1766204621897,"status":"passed","title":"Reset functionality works correctly"}],"endTime":1766204621899,"message":"","name":"D:\\BIAN\\solmap\\src\\__tests__\\space-time-foundation\\reference-frame.test.ts","startTime":1766204621646,"status":"passed","summary":""},{"assertionResults":[{"ancestorTitles":["Time Authority Property Tests","Property 5: Time Authority Exclusivity"],"duration":14,"failing":false,"failureDetails":[],"failureMessages":[],"fullName":"Time Authority Property Tests Property 5: Time Authority Exclusivity Only Time Authority can modify system time","invocations":1,"location":null,"numPassingAsserts":300,"retryReasons":[],"startAt":1766204622017,"status":"passed","title":"Only Time Authority can modify system time"},{"ancestorTitles":["Time Authority Property Tests","Property 5: Time Authority Exclusivity"],"duration":7,"failing":false,"failureDetails":[],"failureMessages":[],"fullName":"Time Authority Property Tests Property 5: Time Authority Exclusivity All components receive time through subscriptions only","invocations":1,"location":null,"numPassingAsserts":200,"retryReasons":[],"startAt":1766204622031,"status":"passed","title":"All components receive time through subscriptions only"},{"ancestorTitles":["Time Authority Property Tests","Property 5: Time Authority Exclusivity"],"duration":19,"failing":false,"failureDetails":[],"failureMessages":[],"fullName":"Time Authority Property Tests Property 5: Time Authority Exclusivity Multiple subscribers receive consistent time updates","invocations":1,"location":null,"numPassingAsserts":620,"retryReasons":[],"startAt":1766204622038,"status":"passed","title":"Multiple subscribers receive consistent time updates"},{"ancestorTitles":["Time Authority Property Tests","Property 5: Time Authority Exclusivity"],"duration":6,"failing":false,"failureDetails":[],"failureMessages":[],"fullName":"Time Authority Property Tests Property 5: Time Authority Exclusivity Speed multiplier affects time progression consistently","invocations":1,"location":null,"numPassingAsserts":200,"retryReasons":[],"startAt":1766204622057,"status":"passed","title":"Speed multiplier affects time progression consistently"},{"ancestorTitles":["Time Authority Property Tests","Property 9: Time Continuity Preservation"],"duration":16,"failing":false,"failureDetails":[],"failureMessages":[],"fullName":"Time Authority Property Tests Property 9: Time Continuity Preservation Time progression maintains continuous Julian Date precision","invocations":1,"location":null,"numPassingAsserts":592,"retryReasons":[],"startAt":1766204622064,"status":"passed","title":"Time progression maintains continuous Julian Date precision"},{"ancestorTitles":["Time Authority Property Tests","Property 9: Time Continuity Preservation"],"duration":9,"failing":false,"failureDetails":[],"failureMessages":[],"fullName":"Time Authority Property Tests Property 9: Time Continuity Preservation System prevents time discontinuities that break calculations","invocations":1,"location":null,"numPassingAsserts":300,"retryReasons":[],"startAt":1766204622080,"status":"passed","title":"System prevents time discontinuities that break calculations"},{"ancestorTitles":["Time Authority Property Tests","Property 9: Time Continuity Preservation"],"duration":7,"failing":false,"failureDetails":[],"failureMessages":[],"fullName":"Time Authority Property Tests Property 9: Time Continuity Preservation Time validation prevents invalid progressions","invocations":1,"location":null,"numPassingAsserts":196,"retryReasons":[],"startAt":1766204622090,"status":"passed","title":"Time validation prevents invalid progressions"},{"ancestorTitles":["Time Authority Property Tests","Property 9: Time Continuity Preservation"],"duration":4,"failing":false,"failureDetails":[],"failureMessages":[],"fullName":"Time Authority Property Tests Property 9: Time Continuity Preservation Time constraints are consistently enforced","invocations":1,"location":null,"numPassingAsserts":100,"retryReasons":[],"startAt":1766204622097,"status":"passed","title":"Time constraints are consistently enforced"},{"ancestorTitles":["Time Authority Property Tests","Property 9: Time Continuity Preservation"],"duration":4,"failing":false,"failureDetails":[],"failureMessages":[],"fullName":"Time Authority Property Tests Property 9: Time Continuity Preservation Speed multiplier constraints are enforced","invocations":1,"location":null,"numPassingAsserts":100,"retryReasons":[],"startAt":1766204622101,"status":"passed","title":"Speed multiplier constraints are enforced"},{"ancestorTitles":["Time Authority Property Tests","Subscription Management"],"duration":1,"failing":false,"failureDetails":[],"failureMessages":[],"fullName":"Time Authority Property Tests Subscription Management Unsubscribe function works correctly","invocations":1,"location":null,"numPassingAsserts":3,"retryReasons":[],"startAt":1766204622105,"status":"passed","title":"Unsubscribe function works correctly"},{"ancestorTitles":["Time Authority Property Tests","Subscription Management"],"duration":12,"failing":false,"failureDetails":[],"failureMessages":[],"fullName":"Time Authority Property Tests Subscription Management Error in callback does not affect other subscribers","invocations":1,"location":null,"numPassingAsserts":3,"retryReasons":[],"startAt":1766204622106,"status":"passed","title":"Error in callback does not affect other subscribers"}],"endTime":1766204622119,"message":"","name":"D:\\BIAN\\solmap\\src\\__tests__\\space-time-foundation\\time-authority.test.ts","startTime":1766204621904,"status":"passed","summary":""},{"assertionResults":[{"ancestorTitles":["Comprehensive System Validation Tests","Task 11.2: Multi-Level Celestial Hierarchy Support"],"duration":3,"failing":false,"failureDetails":[],"failureMessages":[],"fullName":"Comprehensive System Validation Tests Task 11.2: Multi-Level Celestial Hierarchy Support should support star → planet → satellite hierarchy","invocations":1,"location":null,"numPassingAsserts":15,"retryReasons":[],"startAt":1766204622231,"status":"passed","title":"should support star → planet → satellite hierarchy"},{"ancestorTitles":["Comprehensive System Validation Tests","Task 11.2: Multi-Level Celestial Hierarchy Support"],"duration":1,"failing":false,"failureDetails":[],"failureMessages":[],"fullName":"Comprehensive System Validation Tests Task 11.2: Multi-Level Celestial Hierarchy Support should support Jupiter satellite system","invocations":1,"location":null,"numPassingAsserts":11,"retryReasons":[],"startAt":1766204622234,"status":"passed","title":"should support Jupiter satellite system"},{"ancestorTitles":["Comprehensive System Validation Tests","Task 11.2: Multi-Level Celestial Hierarchy Support"],"duration":0,"failing":false,"failureDetails":[],"failureMessages":[],"fullName":"Comprehensive System Validation Tests Task 11.2: Multi-Level Celestial Hierarchy Support should support Saturn satellite system","invocations":1,"location":null,"numPassingAsserts":6,"retryReasons":[],"startAt":1766204622236,"status":"passed","title":"should support Saturn satellite system"},{"ancestorTitles":["Comprehensive System Validation Tests","Task 11.2: Multi-Level Celestial Hierarchy Support"],"duration":3,"failing":false,"failureDetails":[],"failureMessages":[],"fullName":"Comprehensive System Validation Tests Task 11.2: Multi-Level Celestial Hierarchy Support should maintain hierarchy consistency across system","invocations":1,"location":null,"numPassingAsserts":77,"retryReasons":[],"startAt":1766204622237,"status":"passed","title":"should maintain hierarchy consistency across system"},{"ancestorTitles":["Comprehensive System Validation Tests","Task 11.2: Time Continuity Validation"],"duration":1,"failing":false,"failureDetails":[],"failureMessages":[],"fullName":"Comprehensive System Validation Tests Task 11.2: Time Continuity Validation should maintain time continuity across system operations","invocations":1,"location":null,"numPassingAsserts":6,"retryReasons":[],"startAt":1766204622240,"status":"passed","title":"should maintain time continuity across system operations"},{"ancestorTitles":["Comprehensive System Validation Tests","Task 11.2: Time Continuity Validation"],"duration":0,"failing":false,"failureDetails":[],"failureMessages":[],"fullName":"Comprehensive System Validation Tests Task 11.2: Time Continuity Validation should reject time discontinuities that exceed limits","invocations":1,"location":null,"numPassingAsserts":3,"retryReasons":[],"startAt":1766204622241,"status":"passed","title":"should reject time discontinuities that exceed limits"},{"ancestorTitles":["Comprehensive System Validation Tests","Task 11.2: Time Continuity Validation"],"duration":1,"failing":false,"failureDetails":[],"failureMessages":[],"fullName":"Comprehensive System Validation Tests Task 11.2: Time Continuity Validation should maintain calculation stability during rapid time changes","invocations":1,"location":null,"numPassingAsserts":25,"retryReasons":[],"startAt":1766204622242,"status":"passed","title":"should maintain calculation stability during rapid time changes"},{"ancestorTitles":["Comprehensive System Validation Tests","Task 11.2: Time Continuity Validation"],"duration":1,"failing":false,"failureDetails":[],"failureMessages":[],"fullName":"Comprehensive System Validation Tests Task 11.2: Time Continuity Validation should validate time precision requirements","invocations":1,"location":null,"numPassingAsserts":4,"retryReasons":[],"startAt":1766204622243,"status":"passed","title":"should validate time precision requirements"},{"ancestorTitles":["Comprehensive System Validation Tests","Task 11.2: Time Continuity Validation"],"duration":0,"failing":false,"failureDetails":[],"failureMessages":[],"fullName":"Comprehensive System Validation Tests Task 11.2: Time Continuity Validation should handle time range boundaries correctly","invocations":1,"location":null,"numPassingAsserts":6,"retryReasons":[],"startAt":1766204622244,"status":"passed","title":"should handle time range boundaries correctly"},{"ancestorTitles":["Comprehensive System Validation Tests","Task 11.2: Error Handling and Boundary Conditions"],"duration":0,"failing":false,"failureDetails":[],"failureMessages":[],"fullName":"Comprehensive System Validation Tests Task 11.2: Error Handling and Boundary Conditions should handle invalid inputs gracefully","invocations":1,"location":null,"numPassingAsserts":8,"retryReasons":[],"startAt":1766204622245,"status":"passed","title":"should handle invalid inputs gracefully"},{"ancestorTitles":["Comprehensive System Validation Tests","Task 11.2: Error Handling and Boundary Conditions"],"duration":1,"failing":false,"failureDetails":[],"failureMessages":[],"fullName":"Comprehensive System Validation Tests Task 11.2: Error Handling and Boundary Conditions should maintain system stability after errors","invocations":1,"location":null,"numPassingAsserts":4,"retryReasons":[],"startAt":1766204622245,"status":"passed","title":"should maintain system stability after errors"},{"ancestorTitles":["Comprehensive System Validation Tests","Task 11.2: Error Handling and Boundary Conditions"],"duration":0,"failing":false,"failureDetails":[],"failureMessages":[],"fullName":"Comprehensive System Validation Tests Task 11.2: Error Handling and Boundary Conditions should handle provider failures gracefully","invocations":1,"location":null,"numPassingAsserts":2,"retryReasons":[],"startAt":1766204622246,"status":"passed","title":"should handle provider failures gracefully"},{"ancestorTitles":["Comprehensive System Validation Tests","Task 11.2: Error Handling and Boundary Conditions"],"duration":6,"failing":false,"failureDetails":[],"failureMessages":[],"fullName":"Comprehensive System Validation Tests Task 11.2: Error Handling and Boundary Conditions should validate architectural boundaries under stress","invocations":1,"location":null,"numPassingAsserts":1,"retryReasons":[],"startAt":1766204622247,"status":"passed","title":"should validate architectural boundaries under stress"},{"ancestorTitles":["Comprehensive System Validation Tests","Task 11.2: Error Handling and Boundary Conditions"],"duration":50,"failing":false,"failureDetails":[],"failureMessages":[],"fullName":"Comprehensive System Validation Tests Task 11.2: Error Handling and Boundary Conditions should handle concurrent access patterns","invocations":1,"location":null,"numPassingAsserts":25,"retryReasons":[],"startAt":1766204622253,"status":"passed","title":"should handle concurrent access patterns"},{"ancestorTitles":["Comprehensive System Validation Tests","Property 14: System Validation Completeness"],"duration":1,"failing":false,"failureDetails":[],"failureMessages":[],"fullName":"Comprehensive System Validation Tests Property 14: System Validation Completeness system must pass comprehensive validation suite","invocations":1,"location":null,"numPassingAsserts":4,"retryReasons":[],"startAt":1766204622303,"status":"passed","title":"system must pass comprehensive validation suite"},{"ancestorTitles":["Comprehensive System Validation Tests","Property 14: System Validation Completeness"],"duration":1,"failing":false,"failureDetails":[],"failureMessages":[],"fullName":"Comprehensive System Validation Tests Property 14: System Validation Completeness system must maintain data integrity across all access patterns","invocations":1,"location":null,"numPassingAsserts":17,"retryReasons":[],"startAt":1766204622304,"status":"passed","title":"system must maintain data integrity across all access patterns"},{"ancestorTitles":["Comprehensive System Validation Tests","Property 14: System Validation Completeness"],"duration":0,"failing":false,"failureDetails":[],"failureMessages":[],"fullName":"Comprehensive System Validation Tests Property 14: System Validation Completeness system must handle edge cases and boundary conditions","invocations":1,"location":null,"numPassingAsserts":3,"retryReasons":[],"startAt":1766204622305,"status":"passed","title":"system must handle edge cases and boundary conditions"}],"endTime":1766204622306,"message":"","name":"D:\\BIAN\\solmap\\src\\__tests__\\space-time-foundation\\system-validation.test.ts","startTime":1766204622127,"status":"passed","summary":""},{"assertionResults":[{"ancestorTitles":["Architectural Validator Tests","Task 10.2: AI Development Constraints"],"duration":1,"failing":false,"failureDetails":[],"failureMessages":[],"fullName":"Architectural Validator Tests Task 10.2: AI Development Constraints should validate Time Authority compliance","invocations":1,"location":null,"numPassingAsserts":3,"retryReasons":[],"startAt":1766204622379,"status":"passed","title":"should validate Time Authority compliance"},{"ancestorTitles":["Architectural Validator Tests","Task 10.2: AI Development Constraints"],"duration":2,"failing":false,"failureDetails":[],"failureMessages":[],"fullName":"Architectural Validator Tests Task 10.2: AI Development Constraints should detect Time Authority violations","invocations":1,"location":null,"numPassingAsserts":5,"retryReasons":[],"startAt":1766204622381,"status":"passed","title":"should detect Time Authority violations"},{"ancestorTitles":["Architectural Validator Tests","Task 10.2: AI Development Constraints"],"duration":0,"failing":false,"failureDetails":[],"failureMessages":[],"fullName":"Architectural Validator Tests Task 10.2: AI Development Constraints should validate Reference Frame compliance","invocations":1,"location":null,"numPassingAsserts":3,"retryReasons":[],"startAt":1766204622383,"status":"passed","title":"should validate Reference Frame compliance"},{"ancestorTitles":["Architectural Validator Tests","Task 10.2: AI Development Constraints"],"duration":1,"failing":false,"failureDetails":[],"failureMessages":[],"fullName":"Architectural Validator Tests Task 10.2: AI Development Constraints should detect Reference Frame violations","invocations":1,"location":null,"numPassingAsserts":5,"retryReasons":[],"startAt":1766204622384,"status":"passed","title":"should detect Reference Frame violations"},{"ancestorTitles":["Architectural Validator Tests","Task 10.2: AI Development Constraints"],"duration":0,"failing":false,"failureDetails":[],"failureMessages":[],"fullName":"Architectural Validator Tests Task 10.2: AI Development Constraints should validate Layer Boundary compliance","invocations":1,"location":null,"numPassingAsserts":2,"retryReasons":[],"startAt":1766204622386,"status":"passed","title":"should validate Layer Boundary compliance"},{"ancestorTitles":["Architectural Validator Tests","Task 10.2: AI Development Constraints"],"duration":1,"failing":false,"failureDetails":[],"failureMessages":[],"fullName":"Architectural Validator Tests Task 10.2: AI Development Constraints should detect Layer Boundary violations","invocations":1,"location":null,"numPassingAsserts":5,"retryReasons":[],"startAt":1766204622387,"status":"passed","title":"should detect Layer Boundary violations"},{"ancestorTitles":["Architectural Validator Tests","Task 10.2: AI Development Constraints"],"duration":0,"failing":false,"failureDetails":[],"failureMessages":[],"fullName":"Architectural Validator Tests Task 10.2: AI Development Constraints should validate Ephemeris Provider compliance","invocations":1,"location":null,"numPassingAsserts":2,"retryReasons":[],"startAt":1766204622388,"status":"passed","title":"should validate Ephemeris Provider compliance"},{"ancestorTitles":["Architectural Validator Tests","Task 10.2: AI Development Constraints"],"duration":1,"failing":false,"failureDetails":[],"failureMessages":[],"fullName":"Architectural Validator Tests Task 10.2: AI Development Constraints should detect Ephemeris Provider violations","invocations":1,"location":null,"numPassingAsserts":4,"retryReasons":[],"startAt":1766204622388,"status":"passed","title":"should detect Ephemeris Provider violations"},{"ancestorTitles":["Architectural Validator Tests","Task 10.2: AI Development Constraints"],"duration":1,"failing":false,"failureDetails":[],"failureMessages":[],"fullName":"Architectural Validator Tests Task 10.2: AI Development Constraints should validate StateVector purity","invocations":1,"location":null,"numPassingAsserts":2,"retryReasons":[],"startAt":1766204622389,"status":"passed","title":"should validate StateVector purity"},{"ancestorTitles":["Architectural Validator Tests","Task 10.2: AI Development Constraints"],"duration":1,"failing":false,"failureDetails":[],"failureMessages":[],"fullName":"Architectural Validator Tests Task 10.2: AI Development Constraints should detect StateVector purity violations","invocations":1,"location":null,"numPassingAsserts":4,"retryReasons":[],"startAt":1766204622390,"status":"passed","title":"should detect StateVector purity violations"},{"ancestorTitles":["Architectural Validator Tests","Task 10.2: AI Development Constraints"],"duration":1,"failing":false,"failureDetails":[],"failureMessages":[],"fullName":"Architectural Validator Tests Task 10.2: AI Development Constraints should validate Phase 1 scope limitations","invocations":1,"location":null,"numPassingAsserts":4,"retryReasons":[],"startAt":1766204622391,"status":"passed","title":"should validate Phase 1 scope limitations"},{"ancestorTitles":["Architectural Validator Tests","Task 10.2: AI Development Constraints"],"duration":0,"failing":false,"failureDetails":[],"failureMessages":[],"fullName":"Architectural Validator Tests Task 10.2: AI Development Constraints should perform comprehensive system validation","invocations":1,"location":null,"numPassingAsserts":4,"retryReasons":[],"startAt":1766204622392,"status":"passed","title":"should perform comprehensive system validation"},{"ancestorTitles":["Architectural Validator Tests","AI Constraint Enforcer"],"duration":0,"failing":false,"failureDetails":[],"failureMessages":[],"fullName":"Architectural Validator Tests AI Constraint Enforcer should allow AI modifications of permitted components","invocations":1,"location":null,"numPassingAsserts":1,"retryReasons":[],"startAt":1766204622393,"status":"passed","title":"should allow AI modifications of permitted components"},{"ancestorTitles":["Architectural Validator Tests","AI Constraint Enforcer"],"duration":1,"failing":false,"failureDetails":[],"failureMessages":[],"fullName":"Architectural Validator Tests AI Constraint Enforcer should block AI modifications of prohibited components","invocations":1,"location":null,"numPassingAsserts":3,"retryReasons":[],"startAt":1766204622393,"status":"passed","title":"should block AI modifications of prohibited components"},{"ancestorTitles":["Architectural Validator Tests","AI Constraint Enforcer"],"duration":1,"failing":false,"failureDetails":[],"failureMessages":[],"fullName":"Architectural Validator Tests AI Constraint Enforcer should block AI modifications that violate Phase 1 scope","invocations":1,"location":null,"numPassingAsserts":2,"retryReasons":[],"startAt":1766204622394,"status":"passed","title":"should block AI modifications that violate Phase 1 scope"},{"ancestorTitles":["Architectural Validator Tests","AI Constraint Enforcer"],"duration":0,"failing":false,"failureDetails":[],"failureMessages":[],"fullName":"Architectural Validator Tests AI Constraint Enforcer should provide lists of modifiable and prohibited components","invocations":1,"location":null,"numPassingAsserts":6,"retryReasons":[],"startAt":1766204622395,"status":"passed","title":"should provide lists of modifiable and prohibited components"},{"ancestorTitles":["Architectural Validator Tests","Violation Tracking and Statistics"],"duration":1,"failing":false,"failureDetails":[],"failureMessages":[],"fullName":"Architectural Validator Tests Violation Tracking and Statistics should track violations and provide statistics","invocations":1,"location":null,"numPassingAsserts":3,"retryReasons":[],"startAt":1766204622396,"status":"passed","title":"should track violations and provide statistics"},{"ancestorTitles":["Architectural Validator Tests","Violation Tracking and Statistics"],"duration":1,"failing":false,"failureDetails":[],"failureMessages":[],"fullName":"Architectural Validator Tests Violation Tracking and Statistics should provide access to all recorded violations","invocations":1,"location":null,"numPassingAsserts":5,"retryReasons":[],"startAt":1766204622397,"status":"passed","title":"should provide access to all recorded violations"},{"ancestorTitles":["Architectural Validator Tests","Violation Tracking and Statistics"],"duration":0,"failing":false,"failureDetails":[],"failureMessages":[],"fullName":"Architectural Validator Tests Violation Tracking and Statistics should enforce maximum violation limits","invocations":1,"location":null,"numPassingAsserts":1,"retryReasons":[],"startAt":1766204622398,"status":"passed","title":"should enforce maximum violation limits"},{"ancestorTitles":["Architectural Validator Tests","Integration with Existing Layer Validation"],"duration":1,"failing":false,"failureDetails":[],"failureMessages":[],"fullName":"Architectural Validator Tests Integration with Existing Layer Validation should integrate with LayerAccessValidator","invocations":1,"location":null,"numPassingAsserts":2,"retryReasons":[],"startAt":1766204622398,"status":"passed","title":"should integrate with LayerAccessValidator"},{"ancestorTitles":["Architectural Validator Tests","Integration with Existing Layer Validation"],"duration":0,"failing":false,"failureDetails":[],"failureMessages":[],"fullName":"Architectural Validator Tests Integration with Existing Layer Validation should integrate with LayerBoundaryEnforcer","invocations":1,"location":null,"numPassingAsserts":1,"retryReasons":[],"startAt":1766204622399,"status":"passed","title":"should integrate with LayerBoundaryEnforcer"},{"ancestorTitles":["Property 12: Architectural Compliance Validation"],"duration":1,"failing":false,"failureDetails":[],"failureMessages":[],"fullName":"Property 12: Architectural Compliance Validation architectural validator must detect core rule violations","invocations":1,"location":null,"numPassingAsserts":5,"retryReasons":[],"startAt":1766204622400,"status":"passed","title":"architectural validator must detect core rule violations"},{"ancestorTitles":["Property 12: Architectural Compliance Validation"],"duration":1,"failing":false,"failureDetails":[],"failureMessages":[],"fullName":"Property 12: Architectural Compliance Validation AI constraint enforcer must prevent prohibited modifications","invocations":1,"location":null,"numPassingAsserts":15,"retryReasons":[],"startAt":1766204622401,"status":"passed","title":"AI constraint enforcer must prevent prohibited modifications"},{"ancestorTitles":["Property 12: Architectural Compliance Validation"],"duration":1,"failing":false,"failureDetails":[],"failureMessages":[],"fullName":"Property 12: Architectural Compliance Validation validation system must maintain architectural integrity","invocations":1,"location":null,"numPassingAsserts":13,"retryReasons":[],"startAt":1766204622402,"status":"passed","title":"validation system must maintain architectural integrity"}],"endTime":1766204622404,"message":"","name":"D:\\BIAN\\solmap\\src\\__tests__\\space-time-foundation\\architectural-validator.test.ts","startTime":1766204622317,"status":"passed","summary":""},{"assertionResults":[{"ancestorTitles":["End-to-End System Integration Tests","Task 11.1: Complete System Integration"],"duration":1,"failing":false,"failureDetails":[],"failureMessages":[],"fullName":"End-to-End System Integration Tests Task 11.1: Complete System Integration should initialize complete system with all components","invocations":1,"location":null,"numPassingAsserts":8,"retryReasons":[],"startAt":1766204622553,"status":"passed","title":"should initialize complete system with all components"},{"ancestorTitles":["End-to-End System Integration Tests","Task 11.1: Complete System Integration"],"duration":0,"failing":false,"failureDetails":[],"failureMessages":[],"fullName":"End-to-End System Integration Tests Task 11.1: Complete System Integration should provide end-to-end celestial body data flow","invocations":1,"location":null,"numPassingAsserts":13,"retryReasons":[],"startAt":1766204622555,"status":"passed","title":"should provide end-to-end celestial body data flow"},{"ancestorTitles":["End-to-End System Integration Tests","Task 11.1: Complete System Integration"],"duration":0,"failing":false,"failureDetails":[],"failureMessages":[],"fullName":"End-to-End System Integration Tests Task 11.1: Complete System Integration should handle time progression across all components","invocations":1,"location":null,"numPassingAsserts":7,"retryReasons":[],"startAt":1766204622556,"status":"passed","title":"should handle time progression across all components"},{"ancestorTitles":["End-to-End System Integration Tests","Task 11.1: Complete System Integration"],"duration":2,"failing":false,"failureDetails":[],"failureMessages":[],"fullName":"End-to-End System Integration Tests Task 11.1: Complete System Integration should enforce layer separation throughout system","invocations":1,"location":null,"numPassingAsserts":5,"retryReasons":[],"startAt":1766204622557,"status":"passed","title":"should enforce layer separation throughout system"},{"ancestorTitles":["End-to-End System Integration Tests","Task 11.1: Complete System Integration"],"duration":2,"failing":false,"failureDetails":[],"failureMessages":[],"fullName":"End-to-End System Integration Tests Task 11.1: Complete System Integration should handle multiple celestial bodies simultaneously","invocations":1,"location":null,"numPassingAsserts":63,"retryReasons":[],"startAt":1766204622560,"status":"passed","title":"should handle multiple celestial bodies simultaneously"},{"ancestorTitles":["End-to-End System Integration Tests","Task 11.1: Complete System Integration"],"duration":1,"failing":false,"failureDetails":[],"failureMessages":[],"fullName":"End-to-End System Integration Tests Task 11.1: Complete System Integration should maintain system integrity under error conditions","invocations":1,"location":null,"numPassingAsserts":7,"retryReasons":[],"startAt":1766204622562,"status":"passed","title":"should maintain system integrity under error conditions"},{"ancestorTitles":["End-to-End System Integration Tests","Task 11.1: Complete System Integration"],"duration":1,"failing":false,"failureDetails":[],"failureMessages":[],"fullName":"End-to-End System Integration Tests Task 11.1: Complete System Integration should validate Phase 1 scope limitations are enforced","invocations":1,"location":null,"numPassingAsserts":9,"retryReasons":[],"startAt":1766204622563,"status":"passed","title":"should validate Phase 1 scope limitations are enforced"},{"ancestorTitles":["End-to-End System Integration Tests","Task 11.1: Complete System Integration"],"duration":0,"failing":false,"failureDetails":[],"failureMessages":[],"fullName":"End-to-End System Integration Tests Task 11.1: Complete System Integration should demonstrate complete data flow traceability","invocations":1,"location":null,"numPassingAsserts":13,"retryReasons":[],"startAt":1766204622564,"status":"passed","title":"should demonstrate complete data flow traceability"},{"ancestorTitles":["End-to-End System Integration Tests","Property 13: End-to-End System Integrity"],"duration":1,"failing":false,"failureDetails":[],"failureMessages":[],"fullName":"End-to-End System Integration Tests Property 13: End-to-End System Integrity complete system must maintain architectural boundaries","invocations":1,"location":null,"numPassingAsserts":4,"retryReasons":[],"startAt":1766204622565,"status":"passed","title":"complete system must maintain architectural boundaries"},{"ancestorTitles":["End-to-End System Integration Tests","Property 13: End-to-End System Integrity"],"duration":1,"failing":false,"failureDetails":[],"failureMessages":[],"fullName":"End-to-End System Integration Tests Property 13: End-to-End System Integrity system must handle concurrent operations safely","invocations":1,"location":null,"numPassingAsserts":10,"retryReasons":[],"startAt":1766204622566,"status":"passed","title":"system must handle concurrent operations safely"},{"ancestorTitles":["End-to-End System Integration Tests","Property 13: End-to-End System Integrity"],"duration":1,"failing":false,"failureDetails":[],"failureMessages":[],"fullName":"End-to-End System Integration Tests Property 13: End-to-End System Integrity system must maintain data integrity across all interfaces","invocations":1,"location":null,"numPassingAsserts":12,"retryReasons":[],"startAt":1766204622567,"status":"passed","title":"system must maintain data integrity across all interfaces"}],"endTime":1766204622569,"message":"","name":"D:\\BIAN\\solmap\\src\\__tests__\\space-time-foundation\\end-to-end-integration.test.ts","startTime":1766204622492,"status":"passed","summary":""}],"wasInterrupted":false}
